0 info it worked if it ends with ok
1 verbose cli [ 'node',
1 verbose cli   '/home/rajayogan/.nvm/versions/node/v0.12.7/bin/npm',
1 verbose cli   'start' ]
2 info using npm@3.7.3
3 info using node@v0.12.7
4 verbose run-script [ 'prestart', 'start', 'poststart' ]
5 info lifecycle fullapp@~prestart: fullapp@
6 silly lifecycle fullapp@~prestart: no script for prestart, continuing
7 info lifecycle fullapp@~start: fullapp@
8 verbose lifecycle fullapp@~start: unsafe-perm in lifecycle true
9 verbose lifecycle fullapp@~start: PATH: /home/rajayogan/.nvm/versions/node/v0.12.7/lib/node_modules/npm/bin/node-gyp-bin:/home/rajayogan/fullapp/node_modules/.bin:/home/rajayogan/.nvm/versions/node/v0.12.7/bin:/home/rajayogan/.nvm/versions/node/v0.12.7/bin:/usr/local/heroku/bin:/home/rajayogan/anaconda2/bin:/usr/local/sbin:/usr/local/bin:/usr/sbin:/usr/bin:/sbin:/bin:/usr/games:/usr/local/games:/home/rajayogan/Android/Sdk/tools
10 verbose lifecycle fullapp@~start: CWD: /home/rajayogan/fullapp
11 silly lifecycle fullapp@~start: Args: [ '-c', 'node server.js' ]
12 silly lifecycle fullapp@~start: Returned: code: 1  signal: null
13 info lifecycle fullapp@~start: Failed to exec start script
14 verbose stack Error: fullapp@ start: `node server.js`
14 verbose stack Exit status 1
14 verbose stack     at EventEmitter.<anonymous> (/home/rajayogan/.nvm/versions/node/v0.12.7/lib/node_modules/npm/lib/utils/lifecycle.js:239:16)
14 verbose stack     at EventEmitter.emit (events.js:110:17)
14 verbose stack     at ChildProcess.<anonymous> (/home/rajayogan/.nvm/versions/node/v0.12.7/lib/node_modules/npm/lib/utils/spawn.js:24:14)
14 verbose stack     at ChildProcess.emit (events.js:110:17)
14 verbose stack     at maybeClose (child_process.js:1015:16)
14 verbose stack     at Process.ChildProcess._handle.onexit (child_process.js:1087:5)
15 verbose pkgid fullapp@
16 verbose cwd /home/rajayogan/fullapp
17 error Linux 3.19.0-25-generic
18 error argv "node" "/home/rajayogan/.nvm/versions/node/v0.12.7/bin/npm" "start"
19 error node v0.12.7
20 error npm  v3.7.3
21 error code ELIFECYCLE
22 error fullapp@ start: `node server.js`
22 error Exit status 1
23 error Failed at the fullapp@ start script 'node server.js'.
23 error Make sure you have the latest version of node.js and npm installed.
23 error If you do, this is most likely a problem with the fullapp package,
23 error not with npm itself.
23 error Tell the author that this fails on your system:
23 error     node server.js
23 error You can get information on how to open an issue for this project with:
23 error     npm bugs fullapp
23 error Or if that isn't available, you can get their info via:
23 error     npm owner ls fullapp
23 error There is likely additional logging output above.
24 verbose exit [ 1, true ]
